This file contains any messages produced by compilers while
running configure, to aid debugging if configure makes a mistake.

It was created by configure, which was
generated by GNU Autoconf 2.59.  Invocation command line was

  $ /cygdrive/d/altera/13.1/nios2eds/bin/gnu/src/newlib-1.16/configure --prefix=/cygdrive/d/fpga/ad_new_ep3c25f324c8n/qsys/software/ad_nios_bsp/newlib --target=nios2-elf

## --------- ##
## Platform. ##
## --------- ##

hostname = meme-PC
uname -m = i686
uname -r = 1.7.16(0.262/5/3)
uname -s = CYGWIN_NT-6.1-WOW64
uname -v = 2012-07-20 22:55

/usr/bin/uname -p = unknown
/bin/uname -X     = unknown

/bin/arch              = i686
/usr/bin/arch -k       = unknown
/usr/convex/getsysinfo = unknown
hostinfo               = unknown
/bin/machine           = unknown
/usr/bin/oslevel       = unknown
/bin/universe          = unknown

PATH: /bin
PATH: /cygdrive/d/altera/13.1/nios2eds/bin/gnu/H-i686-mingw32/bin


## ----------- ##
## Core tests. ##
## ----------- ##

configure:1504: checking build system type
configure:1522: result: i686-pc-cygwin
configure:1557: checking host system type
configure:1571: result: i686-pc-cygwin
configure:1579: checking target system type
configure:1593: result: nios2-unknown-elf
configure:1636: checking for a BSD-compatible install
configure:1691: result: /bin/install -c
configure:1702: checking whether ln works
configure:1724: result: yes
configure:1728: checking whether ln -s works
configure:1732: result: yes
configure:2894: checking for gcc
configure:2910: found /bin/gcc
configure:2920: result: gcc
configure:3164: checking for C compiler version
configure:3167: gcc --version </dev/null >&5
gcc (GCC) 4.5.3
Copyright (C) 2010 Free Software Foundation, Inc.
This is free software; see the source for copying conditions.  There is NO
warranty; not even for MERCHANTABILITY or FITNESS FOR A PARTICULAR PURPOSE.

configure:3170: $? = 0
configure:3172: gcc -v </dev/null >&5
Using built-in specs.
COLLECT_GCC=gcc
COLLECT_LTO_WRAPPER=/bin/../lib/gcc/i686-pc-cygwin/4.5.3/lto-wrapper.exe
Target: i686-pc-cygwin
Configured with: /gnu/gcc/releases/respins/4.5.3-3/gcc4-4.5.3-3/src/gcc-4.5.3/configure --srcdir=/gnu/gcc/releases/respins/4.5.3-3/gcc4-4.5.3-3/src/gcc-4.5.3 --prefix=/usr --exec-prefix=/usr --bindir=/usr/bin --sbindir=/usr/sbin --libexecdir=/usr/lib --datadir=/usr/share --localstatedir=/var --sysconfdir=/etc --datarootdir=/usr/share --docdir=/usr/share/doc/gcc4 -C --datadir=/usr/share --infodir=/usr/share/info --mandir=/usr/share/man -v --with-gmp=/usr --with-mpfr=/usr --enable-bootstrap --enable-version-specific-runtime-libs --libexecdir=/usr/lib --enable-static --enable-shared --enable-shared-libgcc --disable-__cxa_atexit --with-gnu-ld --with-gnu-as --with-dwarf2 --disable-sjlj-exceptions --enable-languages=ada,c,c++,fortran,java,lto,objc,obj-c++ --enable-graphite --enable-lto --enable-java-awt=gtk --disable-symvers --enable-libjava --program-suffix=-4 --enable-libgomp --enable-libssp --enable-libada --enable-threads=posix --with-arch=i686 --with-tune=generic --enable-libgcj-sublibs CC=gcc-4 CXX=g++-4 CC_FOR_TARGET=gcc-4 CXX_FOR_TARGET=g++-4 GNATMAKE_FOR_TARGET=gnatmake GNATBIND_FOR_TARGET=gnatbind --with-ecj-jar=/usr/share/java/ecj.jar
Thread model: posix
gcc version 4.5.3 (GCC) 
configure:3175: $? = 0
configure:3177: gcc -V </dev/null >&5
gcc: '-V' option must have argument
configure:3180: $? = 1
configure:3203: checking for C compiler default output file name
configure:3206: gcc    conftest.c  >&5
configure:3209: $? = 0
configure:3255: result: a.exe
configure:3260: checking whether the C compiler works
configure:3266: ./a.exe
configure:3269: $? = 0
configure:3286: result: yes
configure:3293: checking whether we are cross compiling
configure:3295: result: no
configure:3298: checking for suffix of executables
configure:3300: gcc -o conftest.exe    conftest.c  >&5
configure:3303: $? = 0
configure:3328: result: .exe
configure:3334: checking for suffix of object files
configure:3355: gcc -c   conftest.c >&5
configure:3358: $? = 0
configure:3380: result: o
configure:3384: checking whether we are using the GNU C compiler
configure:3408: gcc -c   conftest.c >&5
configure:3414: $? = 0
configure:3418: test -z 
			 || test ! -s conftest.err
configure:3421: $? = 0
configure:3424: test -s conftest.o
configure:3427: $? = 0
configure:3440: result: yes
configure:3446: checking whether gcc accepts -g
configure:3467: gcc -c -g  conftest.c >&5
configure:3473: $? = 0
configure:3477: test -z 
			 || test ! -s conftest.err
configure:3480: $? = 0
configure:3483: test -s conftest.o
configure:3486: $? = 0
configure:3497: result: yes
configure:3514: checking for gcc option to accept ANSI C
configure:3584: gcc  -c -g -O2  conftest.c >&5
configure:3590: $? = 0
configure:3594: test -z 
			 || test ! -s conftest.err
configure:3597: $? = 0
configure:3600: test -s conftest.o
configure:3603: $? = 0
configure:3621: result: none needed
configure:3639: gcc -c -g -O2  conftest.c >&5
conftest.c:2:9: error: expected '=', ',', ';', 'asm' or '__attribute__' before 'me'
configure:3645: $? = 1
configure: failed program was:
| #ifndef __cplusplus
|   choke me
| #endif
configure:3830: checking for g++
configure:3846: found /bin/g++
configure:3856: result: g++
configure:3872: checking for C++ compiler version
configure:3875: g++ --version </dev/null >&5
g++ (GCC) 4.5.3
Copyright (C) 2010 Free Software Foundation, Inc.
This is free software; see the source for copying conditions.  There is NO
warranty; not even for MERCHANTABILITY or FITNESS FOR A PARTICULAR PURPOSE.

configure:3878: $? = 0
configure:3880: g++ -v </dev/null >&5
Using built-in specs.
COLLECT_GCC=g++
COLLECT_LTO_WRAPPER=/bin/../lib/gcc/i686-pc-cygwin/4.5.3/lto-wrapper.exe
Target: i686-pc-cygwin
Configured with: /gnu/gcc/releases/respins/4.5.3-3/gcc4-4.5.3-3/src/gcc-4.5.3/configure --srcdir=/gnu/gcc/releases/respins/4.5.3-3/gcc4-4.5.3-3/src/gcc-4.5.3 --prefix=/usr --exec-prefix=/usr --bindir=/usr/bin --sbindir=/usr/sbin --libexecdir=/usr/lib --datadir=/usr/share --localstatedir=/var --sysconfdir=/etc --datarootdir=/usr/share --docdir=/usr/share/doc/gcc4 -C --datadir=/usr/share --infodir=/usr/share/info --mandir=/usr/share/man -v --with-gmp=/usr --with-mpfr=/usr --enable-bootstrap --enable-version-specific-runtime-libs --libexecdir=/usr/lib --enable-static --enable-shared --enable-shared-libgcc --disable-__cxa_atexit --with-gnu-ld --with-gnu-as --with-dwarf2 --disable-sjlj-exceptions --enable-languages=ada,c,c++,fortran,java,lto,objc,obj-c++ --enable-graphite --enable-lto --enable-java-awt=gtk --disable-symvers --enable-libjava --program-suffix=-4 --enable-libgomp --enable-libssp --enable-libada --enable-threads=posix --with-arch=i686 --with-tune=generic --enable-libgcj-sublibs CC=gcc-4 CXX=g++-4 CC_FOR_TARGET=gcc-4 CXX_FOR_TARGET=g++-4 GNATMAKE_FOR_TARGET=gnatmake GNATBIND_FOR_TARGET=gnatbind --with-ecj-jar=/usr/share/java/ecj.jar
Thread model: posix
gcc version 4.5.3 (GCC) 
configure:3883: $? = 0
configure:3885: g++ -V </dev/null >&5
g++: '-V' option must have argument
configure:3888: $? = 1
configure:3891: checking whether we are using the GNU C++ compiler
configure:3915: g++ -c   conftest.cc >&5
configure:3921: $? = 0
configure:3925: test -z 
			 || test ! -s conftest.err
configure:3928: $? = 0
configure:3931: test -s conftest.o
configure:3934: $? = 0
configure:3947: result: yes
configure:3953: checking whether g++ accepts -g
configure:3974: g++ -c -g  conftest.cc >&5
configure:3980: $? = 0
configure:3984: test -z 
			 || test ! -s conftest.err
configure:3987: $? = 0
configure:3990: test -s conftest.o
configure:3993: $? = 0
configure:4004: result: yes
configure:4046: g++ -c -g -O2  conftest.cc >&5
configure:4052: $? = 0
configure:4056: test -z 
			 || test ! -s conftest.err
configure:4059: $? = 0
configure:4062: test -s conftest.o
configure:4065: $? = 0
configure:4091: g++ -c -g -O2  conftest.cc >&5
conftest.cc: In function 'int main()':
conftest.cc:13:9: error: 'exit' was not declared in this scope
configure:4097: $? = 1
configure: failed program was:
| /* confdefs.h.  */
| 
| #define PACKAGE_NAME ""
| #define PACKAGE_TARNAME ""
| #define PACKAGE_VERSION ""
| #define PACKAGE_STRING ""
| #define PACKAGE_BUGREPORT ""
| /* end confdefs.h.  */
| 
| int
| main ()
| {
| exit (42);
|   ;
|   return 0;
| }
configure:4046: g++ -c -g -O2  conftest.cc >&5
conftest.cc:9:40: error: 'void std::exit(int)' should have been declared inside 'std'
In file included from conftest.cc:10:0:
/usr/include/stdlib.h:80:7: error: declaration of 'void std::exit(int)' throws different exceptions
conftest.cc:9:17: error: from previous declaration 'void std::exit(int) throw ()'
configure:4052: $? = 1
configure: failed program was:
| /* confdefs.h.  */
| 
| #define PACKAGE_NAME ""
| #define PACKAGE_TARNAME ""
| #define PACKAGE_VERSION ""
| #define PACKAGE_STRING ""
| #define PACKAGE_BUGREPORT ""
| /* end confdefs.h.  */
| extern "C" void std::exit (int) throw (); using std::exit;
| #include <stdlib.h>
| int
| main ()
| {
| exit (42);
|   ;
|   return 0;
| }
configure:4046: g++ -c -g -O2  conftest.cc >&5
conftest.cc:9:31: error: 'void std::exit(int)' should have been declared inside 'std'
configure:4052: $? = 1
configure: failed program was:
| /* confdefs.h.  */
| 
| #define PACKAGE_NAME ""
| #define PACKAGE_TARNAME ""
| #define PACKAGE_VERSION ""
| #define PACKAGE_STRING ""
| #define PACKAGE_BUGREPORT ""
| /* end confdefs.h.  */
| extern "C" void std::exit (int); using std::exit;
| #include <stdlib.h>
| int
| main ()
| {
| exit (42);
|   ;
|   return 0;
| }
configure:4046: g++ -c -g -O2  conftest.cc >&5
In file included from conftest.cc:10:0:
/usr/include/stdlib.h:80:7: error: declaration of 'void exit(int)' throws different exceptions
conftest.cc:9:17: error: from previous declaration 'void exit(int) throw ()'
configure:4052: $? = 1
configure: failed program was:
| /* confdefs.h.  */
| 
| #define PACKAGE_NAME ""
| #define PACKAGE_TARNAME ""
| #define PACKAGE_VERSION ""
| #define PACKAGE_STRING ""
| #define PACKAGE_BUGREPORT ""
| /* end confdefs.h.  */
| extern "C" void exit (int) throw ();
| #include <stdlib.h>
| int
| main ()
| {
| exit (42);
|   ;
|   return 0;
| }
configure:4046: g++ -c -g -O2  conftest.cc >&5
configure:4052: $? = 0
configure:4056: test -z 
			 || test ! -s conftest.err
configure:4059: $? = 0
configure:4062: test -s conftest.o
configure:4065: $? = 0
configure:4091: g++ -c -g -O2  conftest.cc >&5
configure:4097: $? = 0
configure:4101: test -z 
			 || test ! -s conftest.err
configure:4104: $? = 0
configure:4107: test -s conftest.o
configure:4110: $? = 0
configure:4197: checking for gnatbind
configure:4224: result: no
configure:4277: checking for gnatmake
configure:4304: result: no
configure:4316: checking whether compiler driver understands Ada
configure:4339: result: no
configure:4348: checking how to compare bootstrapped objects
configure:4373: result: cmp --ignore-initial=16 $$f1 $$f2
configure:5979: checking for bison
configure:6008: result: no
configure:5979: checking for byacc
configure:6008: result: no
configure:5979: checking for yacc
configure:6008: result: no
configure:6025: checking for bison
configure:6054: result: no
configure:6070: checking for gm4
configure:6099: result: no
configure:6070: checking for gnum4
configure:6099: result: no
configure:6070: checking for m4
configure:6099: result: no
configure:6115: checking for flex
configure:6144: result: no
configure:6115: checking for lex
configure:6144: result: no
configure:6161: checking for flex
configure:6190: result: no
configure:6206: checking for makeinfo
configure:6222: found /bin/makeinfo
configure:6232: result: makeinfo
configure:6265: checking for expect
configure:6294: result: no
configure:6312: checking for runtest
configure:6341: result: no
configure:6451: checking for ar
configure:6467: found /bin/ar
configure:6477: result: ar
configure:6586: checking for as
configure:6602: found /bin/as
configure:6612: result: as
configure:6721: checking for dlltool
configure:6737: found /bin/dlltool
configure:6747: result: dlltool
configure:6856: checking for ld
configure:6872: found /bin/ld
configure:6882: result: ld
configure:6991: checking for lipo
configure:7020: result: no
configure:7126: checking for nm
configure:7142: found /bin/nm
configure:7152: result: nm
configure:7261: checking for ranlib
configure:7277: found /bin/ranlib
configure:7287: result: ranlib
configure:7391: checking for strip
configure:7407: found /bin/strip
configure:7417: result: strip
configure:7521: checking for windres
configure:7537: found /bin/windres
configure:7547: result: windres
configure:7656: checking for windmc
configure:7672: found /bin/windmc
configure:7682: result: windmc
configure:7791: checking for objcopy
configure:7807: found /bin/objcopy
configure:7817: result: objcopy
configure:7926: checking for objdump
configure:7942: found /bin/objdump
configure:7952: result: objdump
configure:8063: checking for nios2-elf-cc
configure:8092: result: no
configure:8063: checking for nios2-elf-gcc
configure:8079: found /cygdrive/d/altera/13.1/nios2eds/bin/gnu/H-i686-mingw32/bin/nios2-elf-gcc
configure:8089: result: nios2-elf-gcc
configure:8218: checking for nios2-elf-c++
configure:8234: found /cygdrive/d/altera/13.1/nios2eds/bin/gnu/H-i686-mingw32/bin/nios2-elf-c++
configure:8244: result: nios2-elf-c++
configure:8373: checking for nios2-elf-gcc
configure:8389: found /cygdrive/d/altera/13.1/nios2eds/bin/gnu/H-i686-mingw32/bin/nios2-elf-gcc
configure:8399: result: nios2-elf-gcc
configure:8523: checking for nios2-elf-gcj
configure:8552: result: no
configure:8678: checking for nios2-elf-gfortran
configure:8707: result: no
configure:8912: checking for nios2-elf-ar
configure:8928: found /cygdrive/d/altera/13.1/nios2eds/bin/gnu/H-i686-mingw32/bin/nios2-elf-ar
configure:8938: result: nios2-elf-ar
configure:9135: checking for nios2-elf-as
configure:9151: found /cygdrive/d/altera/13.1/nios2eds/bin/gnu/H-i686-mingw32/bin/nios2-elf-as
configure:9161: result: nios2-elf-as
configure:9358: checking for nios2-elf-dlltool
configure:9387: result: no
configure:9581: checking for nios2-elf-ld
configure:9597: found /cygdrive/d/altera/13.1/nios2eds/bin/gnu/H-i686-mingw32/bin/nios2-elf-ld
configure:9607: result: nios2-elf-ld
configure:9804: checking for nios2-elf-lipo
configure:9833: result: no
configure:10027: checking for nios2-elf-nm
configure:10043: found /cygdrive/d/altera/13.1/nios2eds/bin/gnu/H-i686-mingw32/bin/nios2-elf-nm
configure:10053: result: nios2-elf-nm
configure:10250: checking for nios2-elf-objdump
configure:10266: found /cygdrive/d/altera/13.1/nios2eds/bin/gnu/H-i686-mingw32/bin/nios2-elf-objdump
configure:10276: result: nios2-elf-objdump
configure:10473: checking for nios2-elf-ranlib
configure:10489: found /cygdrive/d/altera/13.1/nios2eds/bin/gnu/H-i686-mingw32/bin/nios2-elf-ranlib
configure:10499: result: nios2-elf-ranlib
configure:10696: checking for nios2-elf-strip
configure:10712: found /cygdrive/d/altera/13.1/nios2eds/bin/gnu/H-i686-mingw32/bin/nios2-elf-strip
configure:10722: result: nios2-elf-strip
configure:10919: checking for nios2-elf-windres
configure:10948: result: no
configure:11142: checking for nios2-elf-windmc
configure:11171: result: no
configure:11235: checking where to find the target ar
configure:11272: result: pre-installed
configure:11277: checking where to find the target as
configure:11314: result: pre-installed
configure:11319: checking where to find the target cc
configure:11356: result: pre-installed
configure:11361: checking where to find the target c++
configure:11401: result: pre-installed
configure:11406: checking where to find the target c++ for libstdc++
configure:11446: result: pre-installed
configure:11451: checking where to find the target dlltool
configure:11488: result: pre-installed
configure:11493: checking where to find the target gcc
configure:11530: result: pre-installed
configure:11535: checking where to find the target gcj
configure:11575: result: pre-installed
configure:11580: checking where to find the target gfortran
configure:11620: result: pre-installed
configure:11625: checking where to find the target ld
configure:11662: result: pre-installed
configure:11667: checking where to find the target lipo
configure:11693: result: pre-installed
configure:11698: checking where to find the target nm
configure:11735: result: pre-installed
configure:11740: checking where to find the target objdump
configure:11777: result: pre-installed
configure:11782: checking where to find the target ranlib
configure:11819: result: pre-installed
configure:11824: checking where to find the target strip
configure:11861: result: pre-installed
configure:11866: checking where to find the target windres
configure:11903: result: pre-installed
configure:11908: checking where to find the target windmc
configure:11945: result: pre-installed
configure:11978: checking whether to enable maintainer-specific portions of Makefiles
configure:11987: result: no
configure:12020: checking whether -fkeep-inline-functions is supported
configure:12044: gcc -c -g -O2 -fkeep-inline-functions  conftest.c >&5
configure:12050: $? = 0
configure:12054: test -z 
			 || test ! -s conftest.err
configure:12057: $? = 0
configure:12060: test -s conftest.o
configure:12063: $? = 0
configure:12065: result: yes
configure:12282: creating ./config.status

## ---------------------- ##
## Running config.status. ##
## ---------------------- ##

This file was extended by config.status, which was
generated by GNU Autoconf 2.59.  Invocation command line was

  CONFIG_FILES    = 
  CONFIG_HEADERS  = 
  CONFIG_LINKS    = 
  CONFIG_COMMANDS = 
  $ ./config.status 

on meme-PC

config.status:762: creating Makefile

## ---------------- ##
## Cache variables. ##
## ---------------- ##

ac_cv_build=i686-pc-cygwin
ac_cv_build_alias=i686-pc-cygwin
ac_cv_c_compiler_gnu=yes
ac_cv_cxx_compiler_gnu=yes
ac_cv_env_AR_FOR_TARGET_set=
ac_cv_env_AR_FOR_TARGET_value=
ac_cv_env_AR_set=
ac_cv_env_AR_value=
ac_cv_env_AS_FOR_TARGET_set=
ac_cv_env_AS_FOR_TARGET_value=
ac_cv_env_AS_set=
ac_cv_env_AS_value=
ac_cv_env_CC_FOR_TARGET_set=
ac_cv_env_CC_FOR_TARGET_value=
ac_cv_env_CC_set=
ac_cv_env_CC_value=
ac_cv_env_CFLAGS_set=
ac_cv_env_CFLAGS_value=
ac_cv_env_CPPFLAGS_set=
ac_cv_env_CPPFLAGS_value=
ac_cv_env_CXXFLAGS_set=
ac_cv_env_CXXFLAGS_value=
ac_cv_env_CXX_FOR_TARGET_set=
ac_cv_env_CXX_FOR_TARGET_value=
ac_cv_env_CXX_set=
ac_cv_env_CXX_value=
ac_cv_env_DLLTOOL_FOR_TARGET_set=
ac_cv_env_DLLTOOL_FOR_TARGET_value=
ac_cv_env_DLLTOOL_set=
ac_cv_env_DLLTOOL_value=
ac_cv_env_GCC_FOR_TARGET_set=
ac_cv_env_GCC_FOR_TARGET_value=
ac_cv_env_GCJ_FOR_TARGET_set=
ac_cv_env_GCJ_FOR_TARGET_value=
ac_cv_env_GFORTRAN_FOR_TARGET_set=
ac_cv_env_GFORTRAN_FOR_TARGET_value=
ac_cv_env_LDFLAGS_set=
ac_cv_env_LDFLAGS_value=
ac_cv_env_LD_FOR_TARGET_set=
ac_cv_env_LD_FOR_TARGET_value=
ac_cv_env_LD_set=
ac_cv_env_LD_value=
ac_cv_env_LIPO_FOR_TARGET_set=
ac_cv_env_LIPO_FOR_TARGET_value=
ac_cv_env_LIPO_set=
ac_cv_env_LIPO_value=
ac_cv_env_NM_FOR_TARGET_set=
ac_cv_env_NM_FOR_TARGET_value=
ac_cv_env_NM_set=
ac_cv_env_NM_value=
ac_cv_env_OBJCOPY_set=
ac_cv_env_OBJCOPY_value=
ac_cv_env_OBJDUMP_FOR_TARGET_set=
ac_cv_env_OBJDUMP_FOR_TARGET_value=
ac_cv_env_OBJDUMP_set=
ac_cv_env_OBJDUMP_value=
ac_cv_env_RANLIB_FOR_TARGET_set=
ac_cv_env_RANLIB_FOR_TARGET_value=
ac_cv_env_RANLIB_set=
ac_cv_env_RANLIB_value=
ac_cv_env_STRIP_FOR_TARGET_set=
ac_cv_env_STRIP_FOR_TARGET_value=
ac_cv_env_STRIP_set=
ac_cv_env_STRIP_value=
ac_cv_env_WINDMC_FOR_TARGET_set=
ac_cv_env_WINDMC_FOR_TARGET_value=
ac_cv_env_WINDMC_set=
ac_cv_env_WINDMC_value=
ac_cv_env_WINDRES_FOR_TARGET_set=
ac_cv_env_WINDRES_FOR_TARGET_value=
ac_cv_env_WINDRES_set=
ac_cv_env_WINDRES_value=
ac_cv_env_build_alias_set=
ac_cv_env_build_alias_value=
ac_cv_env_host_alias_set=
ac_cv_env_host_alias_value=
ac_cv_env_target_alias_set=set
ac_cv_env_target_alias_value=nios2-elf
ac_cv_exeext=.exe
ac_cv_host=i686-pc-cygwin
ac_cv_host_alias=i686-pc-cygwin
ac_cv_objext=o
ac_cv_path_install='/bin/install -c'
ac_cv_prog_AR=ar
ac_cv_prog_AR_FOR_TARGET=nios2-elf-ar
ac_cv_prog_AS=as
ac_cv_prog_AS_FOR_TARGET=nios2-elf-as
ac_cv_prog_CC_FOR_TARGET=nios2-elf-gcc
ac_cv_prog_CXX_FOR_TARGET=nios2-elf-c++
ac_cv_prog_DLLTOOL=dlltool
ac_cv_prog_GCC_FOR_TARGET=nios2-elf-gcc
ac_cv_prog_LD=ld
ac_cv_prog_LD_FOR_TARGET=nios2-elf-ld
ac_cv_prog_MAKEINFO=makeinfo
ac_cv_prog_NM=nm
ac_cv_prog_NM_FOR_TARGET=nios2-elf-nm
ac_cv_prog_OBJCOPY=objcopy
ac_cv_prog_OBJDUMP=objdump
ac_cv_prog_OBJDUMP_FOR_TARGET=nios2-elf-objdump
ac_cv_prog_RANLIB=ranlib
ac_cv_prog_RANLIB_FOR_TARGET=nios2-elf-ranlib
ac_cv_prog_STRIP=strip
ac_cv_prog_STRIP_FOR_TARGET=nios2-elf-strip
ac_cv_prog_WINDMC=windmc
ac_cv_prog_WINDRES=windres
ac_cv_prog_ac_ct_CC=gcc
ac_cv_prog_ac_ct_CXX=g++
ac_cv_prog_ac_ct_GNATBIND=no
ac_cv_prog_ac_ct_GNATMAKE=no
ac_cv_prog_cc_g=yes
ac_cv_prog_cc_stdc=
ac_cv_prog_cxx_g=yes
ac_cv_target=nios2-unknown-elf
ac_cv_target_alias=nios2-elf
acx_cv_cc_gcc_supports_ada=no
acx_cv_prog_LN=ln
gcc_cv_prog_cmp_skip='cmp --ignore-initial=16 $$f1 $$f2'
gcc_cv_tool_dirs=
gcc_cv_tool_prefix=/cygdrive/d/fpga/ad_new_ep3c25f324c8n/qsys/software/ad_nios_bsp/newlib

## ----------------- ##
## Output variables. ##
## ----------------- ##

AR='ar'
AR_FOR_BUILD='$(AR)'
AR_FOR_TARGET='nios2-elf-ar'
AS='as'
AS_FOR_BUILD='$(AS)'
AS_FOR_TARGET='nios2-elf-as'
BISON='/cygdrive/d/altera/13.1/nios2eds/bin/gnu/src/newlib-1.16/missing bison'
CC='gcc'
CC_FOR_BUILD='$(CC)'
CC_FOR_TARGET='nios2-elf-gcc'
CFLAGS='-g -O2'
CFLAGS_FOR_BUILD='-g -O2'
COMPILER_AS_FOR_TARGET='$(AS_FOR_TARGET)'
COMPILER_LD_FOR_TARGET='$(LD_FOR_TARGET)'
COMPILER_NM_FOR_TARGET='$(NM_FOR_TARGET)'
CONFIGURE_GDB_TK=''
CPPFLAGS=''
CXX='g++'
CXXFLAGS='-g -O2'
CXXFLAGS_FOR_BUILD='-g -O2'
CXX_FOR_BUILD='$(CXX)'
CXX_FOR_TARGET='nios2-elf-c++'
DEBUG_PREFIX_CFLAGS_FOR_TARGET=''
DEFS='-DPACKAGE_NAME=\"\" -DPACKAGE_TARNAME=\"\" -DPACKAGE_VERSION=\"\" -DPACKAGE_STRING=\"\" -DPACKAGE_BUGREPORT=\"\" '
DLLTOOL='dlltool'
DLLTOOL_FOR_BUILD='$(DLLTOOL)'
DLLTOOL_FOR_TARGET='nios2-elf-dlltool'
ECHO_C=''
ECHO_N='-n'
ECHO_T=''
EXEEXT='.exe'
EXPECT='expect'
FLAGS_FOR_TARGET=' -B$$r/$(TARGET_SUBDIR)/newlib/ -isystem $$r/$(TARGET_SUBDIR)/newlib/targ-include -isystem $$s/newlib/libc/include -B$$r/$(TARGET_SUBDIR)/libgloss/nios2 -L$$r/$(TARGET_SUBDIR)/libgloss/libnosys -L$$s/libgloss/nios2'
FLEX='/cygdrive/d/altera/13.1/nios2eds/bin/gnu/src/newlib-1.16/missing flex'
GCC_FOR_TARGET='nios2-elf-gcc'
GCJ_FOR_BUILD='$(GCJ)'
GCJ_FOR_TARGET='nios2-elf-gcj'
GDB_TK=''
GFORTRAN_FOR_BUILD='$(GFORTRAN)'
GFORTRAN_FOR_TARGET='nios2-elf-gfortran'
GNATBIND='no'
GNATMAKE='no'
INSTALL_DATA='${INSTALL} -m 644'
INSTALL_GDB_TK=''
INSTALL_PROGRAM='${INSTALL}'
INSTALL_SCRIPT='${INSTALL}'
LD='ld'
LDFLAGS=''
LDFLAGS_FOR_BUILD=''
LD_FOR_BUILD='$(LD)'
LD_FOR_TARGET='nios2-elf-ld'
LEX='/cygdrive/d/altera/13.1/nios2eds/bin/gnu/src/newlib-1.16/missing flex'
LIBOBJS=''
LIBS=''
LIPO='lipo'
LIPO_FOR_TARGET='nios2-elf-lipo'
LN='ln'
LN_S='ln -s'
LTLIBOBJS=''
M4='/cygdrive/d/altera/13.1/nios2eds/bin/gnu/src/newlib-1.16/missing m4'
MAINT='#'
MAINTAINER_MODE_FALSE=''
MAINTAINER_MODE_TRUE='#'
MAKEINFO='makeinfo'
NM='nm'
NM_FOR_BUILD='$(NM)'
NM_FOR_TARGET='nios2-elf-nm'
OBJCOPY='objcopy'
OBJDUMP='objdump'
OBJDUMP_FOR_TARGET='nios2-elf-objdump'
OBJEXT='o'
PACKAGE_BUGREPORT=''
PACKAGE_NAME=''
PACKAGE_STRING=''
PACKAGE_TARNAME=''
PACKAGE_VERSION=''
PATH_SEPARATOR=':'
RANLIB='ranlib'
RANLIB_FOR_BUILD='$(RANLIB)'
RANLIB_FOR_TARGET='nios2-elf-ranlib'
RAW_CXX_FOR_TARGET='nios2-elf-c++'
RPATH_ENVVAR='LD_LIBRARY_PATH'
RUNTEST='runtest'
SHELL='/bin/sh'
STRIP='strip'
STRIP_FOR_TARGET='nios2-elf-strip'
SYSROOT_CFLAGS_FOR_TARGET=''
TOPLEVEL_CONFIGURE_ARGUMENTS='/cygdrive/d/altera/13.1/nios2eds/bin/gnu/src/newlib-1.16/configure --prefix=/cygdrive/d/fpga/ad_new_ep3c25f324c8n/qsys/software/ad_nios_bsp/newlib --target=nios2-elf'
WINDMC='windmc'
WINDMC_FOR_BUILD='$(WINDMC)'
WINDMC_FOR_TARGET='nios2-elf-windmc'
WINDRES='windres'
WINDRES_FOR_BUILD='$(WINDRES)'
WINDRES_FOR_TARGET='nios2-elf-windres'
YACC='/cygdrive/d/altera/13.1/nios2eds/bin/gnu/src/newlib-1.16/missing bison -y'
ac_ct_CC='gcc'
ac_ct_CXX='g++'
ac_ct_GNATBIND='no'
ac_ct_GNATMAKE='no'
bindir='${exec_prefix}/bin'
build='i686-pc-cygwin'
build_alias=''
build_configargs='--cache-file=../config.cache '--prefix=/cygdrive/d/fpga/ad_new_ep3c25f324c8n/qsys/software/ad_nios_bsp/newlib' --program-transform-name='s,^,nios2-elf-,''
build_configdirs=''
build_cpu='i686'
build_libsubdir='build-i686-pc-cygwin'
build_noncanonical='i686-pc-cygwin'
build_os='cygwin'
build_subdir='build-i686-pc-cygwin'
build_tooldir='${exec_prefix}/nios2-elf'
build_vendor='pc'
config_shell='/bin/sh'
configdirs=' etc'
datadir='${prefix}/share'
datarootdir='${prefix}/share'
do_compare='cmp --ignore-initial=16 $$f1 $$f2'
docdir='${datarootdir}/doc'
exec_prefix='${prefix}'
gmpinc=''
gmplibs='-lmpfr -lgmp'
host='i686-pc-cygwin'
host_alias=''
host_configargs='--cache-file=./config.cache  --with-newlib '--prefix=/cygdrive/d/fpga/ad_new_ep3c25f324c8n/qsys/software/ad_nios_bsp/newlib' --program-transform-name='s,^,nios2-elf-,''
host_cpu='i686'
host_noncanonical='i686-pc-cygwin'
host_os='cygwin'
host_subdir='.'
host_vendor='pc'
htmldir='${docdir}'
includedir='${prefix}/include'
infodir='${prefix}/info'
libdir='${exec_prefix}/lib'
libexecdir='${exec_prefix}/libexec'
localstatedir='${prefix}/var'
mandir='${prefix}/man'
oldincludedir='/usr/include'
pdfdir='${docdir}'
prefix='/cygdrive/d/fpga/ad_new_ep3c25f324c8n/qsys/software/ad_nios_bsp/newlib'
program_transform_name='s,^,nios2-elf-,'
sbindir='${exec_prefix}/sbin'
sharedstatedir='${prefix}/com'
stage1_cflags='-g -fkeep-inline-functions'
stage1_checking='--enable-checking=yes,types'
stage1_languages=',c,'
stage2_werror_flag=''
sysconfdir='${prefix}/etc'
target='nios2-unknown-elf'
target_alias='nios2-elf'
target_configargs='--cache-file=./config.cache --with-newlib --enable-multilib --with-cross-host=i686-pc-cygwin '--prefix=/cygdrive/d/fpga/ad_new_ep3c25f324c8n/qsys/software/ad_nios_bsp/newlib' --program-transform-name='s,^,nios2-elf-,''
target_cpu='nios2'
target_noncanonical='nios2-elf'
target_os='elf'
target_subdir='nios2-elf'
target_vendor='unknown'
tooldir='${exec_prefix}/nios2-elf'

## ------------- ##
## Output files. ##
## ------------- ##

alphaieee_frag='/dev/null'
host_makefile_frag='/cygdrive/d/altera/13.1/nios2eds/bin/gnu/src/newlib-1.16/config/mh-cygwin'
ospace_frag='/dev/null'
serialization_dependencies='serdep.tmp'
target_makefile_frag='/dev/null'

## ----------- ##
## confdefs.h. ##
## ----------- ##

#define PACKAGE_BUGREPORT ""
#define PACKAGE_NAME ""
#define PACKAGE_STRING ""
#define PACKAGE_TARNAME ""
#define PACKAGE_VERSION ""
#endif
#ifdef __cplusplus
extern "C" void exit (int);

configure: exit 0
